<?xml version="1.0" encoding="UTF-8"?>
<!-- Generated by org.testng.reporters.JUnitReportReporter -->
<testsuite hostname="HDC0006485" name="com.satta.SuiteOne.SuiteOneCaseTwo" tests="2" failures="0" timestamp="29 Nov 2016 09:51:10 GMT" time="0.001" errors="0">
  <testcase name="SuiteOneCaseTwoTest" time="0.000" classname="com.satta.SuiteOne.SuiteOneCaseTwo"/>
  <testcase name="SuiteOneCaseTwoTest" time="0.001" classname="com.satta.SuiteOne.SuiteOneCaseTwo"/>
</testsuite> <!-- com.satta.SuiteOne.SuiteOneCaseTwo -->
